<?xml version="1.0" encoding="UTF-8"?>
<!-- Generated by org.testng.reporters.JUnitXMLReporter -->
<testsuite hostname="DESKTOP-ME2292L" ignored="2" name="Test" tests="3" failures="0" timestamp="2020-06-09T21:28:41 IST" time="64.573" errors="0">
  <testcase name="OrangeHRM_001" time="13.651" classname="orangeHRM.testcases.TC001_Login_DiffRoles"/>
  <testcase name="OrangeHRM_001" time="7.521" classname="orangeHRM.testcases.TC001_Login_DiffRoles"/>
  <testcase name="OrangeHRM_002" time="22.195" classname="orangeHRM.testcases.TC002_Fetch_EmpDetails"/>
  <testcase name="@AfterSuite closeBrowser" time="0.0" classname="orangeHRM.baseRequest.BaseMethods">
    <ignored/>
  </testcase> <!-- @AfterSuite closeBrowser -->
  <testcase name="@BeforeSuite login" time="0.0" classname="orangeHRM.baseRequest.BaseMethods">
    <ignored/>
  </testcase> <!-- @BeforeSuite login -->
</testsuite> <!-- Test -->
